#
# There is insufficient memory for the Java Runtime Environment to continue.
# Native memory allocation (malloc) failed to allocate 1048576 bytes for AllocateHeap
# Possible reasons:
#   The system is out of physical RAM or swap space
#   The process is running with CompressedOops enabled, and the Java Heap may be blocking the growth of the native heap
# Possible solutions:
#   Reduce memory load on the system
#   Increase physical memory or swap space
#   Check if swap backing store is full
#   Decrease Java heap size (-Xmx/-Xms)
#   Decrease number of Java threads
#   Decrease Java thread stack sizes (-Xss)
#   Set larger code cache with -XX:ReservedCodeCacheSize=
# This output file may be truncated or incomplete.
#
#  Out of Memory Error (./src/hotspot/share/memory/allocation.cpp:46), pid=14896, tid=8932
#
# JRE version:  (11.0.16.1+1) (build )
# Java VM: OpenJDK 64-Bit Server VM (11.0.16.1+1-LTS, mixed mode, sharing, tiered, compressed oops, g1 gc, windows-amd64)
# No core dump will be written. Minidumps are not enabled by default on client versions of Windows
#

---------------  S U M M A R Y ------------

Command Line: 

Host: AMD Ryzen 3 3250U with Radeon Graphics         , 4 cores, 5G,  Windows 11 , 64 bit Build 22621 (10.0.22621.1928)
Time: Mon Jul 31 00:48:14 2023 Eastern Daylight Time elapsed time: 0.082477 seconds (0d 0h 0m 0s)

---------------  T H R E A D  ---------------

Current thread (0x000002023c677000):  JavaThread "Unknown thread" [_thread_in_vm, id=8932, stack(0x000000bfdea00000,0x000000bfdeb00000)]

Stack: [0x000000bfdea00000,0x000000bfdeb00000]
Native frames: (J=compiled Java code, j=interpreted, Vv=VM code, C=native code)
V  [jvm.dll+0x62652a]
V  [jvm.dll+0x7b3249]
V  [jvm.dll+0x7b4938]
V  [jvm.dll+0x7b5013]
V  [jvm.dll+0x24fca8]
V  [jvm.dll+0xb95f4]
V  [jvm.dll+0x2ebec4]
V  [jvm.dll+0x2e5cc9]
V  [jvm.dll+0x78d097]
V  [jvm.dll+0x78e81f]
V  [jvm.dll+0x35f8e9]
V  [jvm.dll+0x770000]
V  [jvm.dll+0x3cd40f]
V  [jvm.dll+0x3cf7a1]
C  [jli.dll+0x5207]
C  [ucrtbase.dll+0x29363]
C  [KERNEL32.DLL+0x126ad]
C  [ntdll.dll+0x5aa68]


---------------  P R O C E S S  ---------------

Threads class SMR info:
_java_thread_list=0x000002023a383d60, length=0, elements={
}

Java Threads: ( => current thread )

Other Threads:
  0x000002023c690000 GCTaskThread "GC Thread#0" [stack: 0x000000bfdeb00000,0x000000bfdec00000] [id=10568]

[error occurred during error reporting (printing all threads), id 0xc0000005, EXCEPTION_ACCESS_VIOLATION (0xc0000005) at pc=0x00007ffd024d14b0]

VM state:not at safepoint (not fully initialized)

VM Mutex/Monitor currently owned by a thread:  ([mutex/lock_event])
[0x000002023c673780] Heap_lock - owner thread: 0x000002023c677000

Heap address: 0x00000000a1e00000, size: 1506 MB, Compressed Oops mode: Non-zero based: 0x00000000a1e00000
Narrow klass base: 0x0000000000000000, Narrow klass shift: 0

GC Heap History (0 events):
No events

Deoptimization events (0 events):
No events

Classes redefined (0 events):
No events

Internal exceptions (0 events):
No events

Events (1 events):
Event: 0.054 Loaded shared library C:\Program Files\Microsoft\jdk-11.0.16.101-hotspot\bin\zip.dll


Dynamic libraries:
0x00007ff6a6c00000 - 0x00007ff6a6c0d000 	C:\Program Files\Microsoft\jdk-11.0.16.101-hotspot\bin\java.exe
0x00007ffe081f0000 - 0x00007ffe08404000 	C:\WINDOWS\SYSTEM32\ntdll.dll
0x00007ffe06ec0000 - 0x00007ffe06f82000 	C:\WINDOWS\System32\KERNEL32.DLL
0x00007ffe05800000 - 0x00007ffe05ba3000 	C:\WINDOWS\System32\KERNELBASE.dll
0x00007ffe05eb0000 - 0x00007ffe05fc1000 	C:\WINDOWS\System32\ucrtbase.dll
0x00007ffdbae80000 - 0x00007ffdbae97000 	C:\Program Files\Microsoft\jdk-11.0.16.101-hotspot\bin\jli.dll
0x00007ffe07d40000 - 0x00007ffe07eea000 	C:\WINDOWS\System32\USER32.dll
0x00007ffe057d0000 - 0x00007ffe057f6000 	C:\WINDOWS\System32\win32u.dll
0x00007ffe07890000 - 0x00007ffe078b9000 	C:\WINDOWS\System32\GDI32.dll
0x00007ffe05d90000 - 0x00007ffe05ea9000 	C:\WINDOWS\System32\gdi32full.dll
0x00007ffe05c70000 - 0x00007ffe05d0a000 	C:\WINDOWS\System32\msvcp_win.dll
0x00007ffdbae60000 - 0x00007ffdbae75000 	C:\Program Files\Microsoft\jdk-11.0.16.101-hotspot\bin\VCRUNTIME140.dll
0x00007ffdf1050000 - 0x00007ffdf12de000 	C:\WINDOWS\WinSxS\amd64_microsoft.windows.common-controls_6595b64144ccf1df_6.0.22621.1635_none_270f70857386168e\COMCTL32.dll
0x00007ffe06100000 - 0x00007ffe061a7000 	C:\WINDOWS\System32\msvcrt.dll
0x00007ffe07850000 - 0x00007ffe07881000 	C:\WINDOWS\System32\IMM32.DLL
0x00007ffd40d80000 - 0x00007ffd40e1b000 	C:\Program Files\Microsoft\jdk-11.0.16.101-hotspot\bin\msvcp140.dll
0x00007ffd021e0000 - 0x00007ffd02d6a000 	C:\Program Files\Microsoft\jdk-11.0.16.101-hotspot\bin\server\jvm.dll
0x00007ffe06640000 - 0x00007ffe066ee000 	C:\WINDOWS\System32\ADVAPI32.dll
0x00007ffe06b30000 - 0x00007ffe06bd4000 	C:\WINDOWS\System32\sechost.dll
0x00007ffe068b0000 - 0x00007ffe069c7000 	C:\WINDOWS\System32\RPCRT4.dll
0x00007ffe081a0000 - 0x00007ffe081a8000 	C:\WINDOWS\System32\PSAPI.DLL
0x00007ffdc9e90000 - 0x00007ffdc9e99000 	C:\WINDOWS\SYSTEM32\WSOCK32.dll
0x00007ffe06be0000 - 0x00007ffe06c51000 	C:\WINDOWS\System32\WS2_32.dll
0x00007ffdfe0c0000 - 0x00007ffdfe0f4000 	C:\WINDOWS\SYSTEM32\WINMM.dll
0x00007ffdfbed0000 - 0x00007ffdfbeda000 	C:\WINDOWS\SYSTEM32\VERSION.dll
0x00007ffe04600000 - 0x00007ffe04618000 	C:\WINDOWS\SYSTEM32\kernel.appcore.dll
0x00007ffdc8340000 - 0x00007ffdc8350000 	C:\Program Files\Microsoft\jdk-11.0.16.101-hotspot\bin\verify.dll
0x00007ffdf1440000 - 0x00007ffdf166e000 	C:\WINDOWS\SYSTEM32\DBGHELP.DLL
0x00007ffe07920000 - 0x00007ffe07ca9000 	C:\WINDOWS\System32\combase.dll
0x00007ffe069f0000 - 0x00007ffe06ac7000 	C:\WINDOWS\System32\OLEAUT32.dll
0x00007ffde9ac0000 - 0x00007ffde9af2000 	C:\WINDOWS\SYSTEM32\dbgcore.DLL
0x00007ffe05d10000 - 0x00007ffe05d8a000 	C:\WINDOWS\System32\bcryptPrimitives.dll
0x00007ffdbae30000 - 0x00007ffdbae58000 	C:\Program Files\Microsoft\jdk-11.0.16.101-hotspot\bin\java.dll
0x00007ffdc2e10000 - 0x00007ffdc2e1a000 	C:\Program Files\Microsoft\jdk-11.0.16.101-hotspot\bin\jimage.dll
0x00007ffdbae10000 - 0x00007ffdbae28000 	C:\Program Files\Microsoft\jdk-11.0.16.101-hotspot\bin\zip.dll

dbghelp: loaded successfully - version: 4.0.5 - missing functions: none
symbol engine: initialized successfully - sym options: 0x614 - pdb path: .;C:\Program Files\Microsoft\jdk-11.0.16.101-hotspot\bin;C:\WINDOWS\SYSTEM32;C:\WINDOWS\WinSxS\amd64_microsoft.windows.common-controls_6595b64144ccf1df_6.0.22621.1635_none_270f70857386168e;C:\Program Files\Microsoft\jdk-11.0.16.101-hotspot\bin\server

VM Arguments:
java_command: <unknown>
java_class_path (initial): <not set>
Launcher Type: SUN_STANDARD

[Global flags]
     intx CICompilerCount                          = 3                                         {product} {ergonomic}
     uint ConcGCThreads                            = 1                                         {product} {ergonomic}
     uint G1ConcRefinementThreads                  = 4                                         {product} {ergonomic}
   size_t G1HeapRegionSize                         = 1048576                                   {product} {ergonomic}
    uintx GCDrainStackTargetSize                   = 64                                        {product} {ergonomic}
   size_t InitialHeapSize                          = 100663296                                 {product} {ergonomic}
   size_t MarkStackSize                            = 4194304                                   {product} {ergonomic}
   size_t MaxHeapSize                              = 1579155456                                {product} {ergonomic}
   size_t MinHeapDeltaBytes                        = 1048576                                   {product} {ergonomic}
    uintx NonNMethodCodeHeapSize                   = 5830732                                {pd product} {ergonomic}
    uintx NonProfiledCodeHeapSize                  = 122913754                              {pd product} {ergonomic}
    uintx ProfiledCodeHeapSize                     = 122913754                              {pd product} {ergonomic}
    uintx ReservedCodeCacheSize                    = 251658240                              {pd product} {ergonomic}
     bool SegmentedCodeCache                       = true                                      {product} {ergonomic}
     bool UseCompressedClassPointers               = true                                 {lp64_product} {ergonomic}
     bool UseCompressedOops                        = true                                 {lp64_product} {ergonomic}
     bool UseG1GC                                  = true                                      {product} {ergonomic}
     bool UseLargePagesIndividualAllocation        = false                                  {pd product} {ergonomic}

Logging:
Log output configuration:
 #0: stdout all=warning uptime,level,tags
 #1: stderr all=off uptime,level,tags

Environment Variables:
PATH=C:\Program Files\Microsoft\jdk-11.0.16.101-hotspot\bin;C:\Program Files\Eclipse Adoptium\jdk-17.0.4.101-hotspot\bin;C:\Program Files\Common Files\Oracle\Java\javapath;C:\WINDOWS\system32;C:\WINDOWS;C:\WINDOWS\System32\Wbem;C:\WINDOWS\System32\WindowsPowerShell\v1.0\;C:\WINDOWS\System32\OpenSSH\;C:\Program Files\Docker\Docker\resources\bin;C:\Program Files\Git\cmd;C:\Program Files\dotnet\;C:\Program Files (x86)\Microsoft SQL Server\160\Tools\Binn\;C:\Program Files\Microsoft SQL Server\160\Tools\Binn\;C:\Program Files\Microsoft SQL Server\Client SDK\ODBC\170\Tools\Binn\;C:\Program Files\Microsoft SQL Server\160\DTS\Binn\;C:\Program Files (x86)\Microsoft SQL Server\160\DTS\Binn\;C:\Program Files\Azure Data Studio\bin;C:\Users\thoma\AppData\Local\Microsoft\WindowsApps;C:\Users\thoma\AppData\Local\Programs\Microsoft VS Code\bin;C:\Users\thoma\AppData\Local\GitHubDesktop\bin;C:\Program Files (x86)\Brackets\;C:\Program Files\apache-maven-3.9.0\bin;C:\Users\thoma\AppData\Local\Programs\Python;C:\msys64\mingw64\bin;C:\Users\thoma\.dotnet\tools;C:\Program Files\Azure Data Studio\bin
USERNAME=thoma
OS=Windows_NT
PROCESSOR_IDENTIFIER=AMD64 Family 23 Model 24 Stepping 1, AuthenticAMD
TMP=C:\Users\thoma\AppData\Local\Temp
TEMP=C:\Users\thoma\AppData\Local\Temp



---------------  S Y S T E M  ---------------

OS: Windows 11 , 64 bit Build 22621 (10.0.22621.1928)
OS uptime: 3 days 14:17 hours
Hyper-V role detected

CPU:total 4 (initial active 4) (4 cores per cpu, 2 threads per core) family 23 model 24 stepping 1 microcode 0x0, cmov, cx8, fxsr, mmx, sse, sse2, sse3, ssse3, sse4.1, sse4.2, popcnt, avx, avx2, aes, clmul, mmxext, 3dnowpref, lzcnt, sse4a, ht, tsc, tscinvbit, tscinv, bmi1, bmi2, adx, sha, fma

Memory: 4k page, system-wide physical 6023M (337M free)
TotalPageFile size 13802M (AvailPageFile size 5M)
current process WorkingSet (physical memory assigned to process): 10M, peak: 10M
current process commit charge ("private bytes"): 47M, peak: 48M

vm_info: OpenJDK 64-Bit Server VM (11.0.16.1+1-LTS) for windows-amd64 JRE (11.0.16.1+1-LTS), built on Aug 20 2022 20:09:04 by "" with MS VC++ 15.9 (VS2017)

END.
